<?xml version="1.0" encoding="UTF-8"?>
<!-- Generated by org.testng.reporters.JUnitReportReporter -->
<testsuite skipped="0" hostname="HPDB0271" name="com.qainfotech.automation.tatoc_advanced.AppTest" tests="3" failures="0" timestamp="02 Jul 2018 10:51:07 GMT" time="4.274" errors="0">
  <testcase name="Test03_adding_credentials_to_db_query" time="3.874" classname="com.qainfotech.automation.tatoc_advanced.AppTest"/>
  <testcase name="Test01_is_it_opening_advanced_course" time="0.208" classname="com.qainfotech.automation.tatoc_advanced.AppTest"/>
  <testcase name="Test02_clicking_go_next_of_hover_menu" time="0.192" classname="com.qainfotech.automation.tatoc_advanced.AppTest"/>
</testsuite> <!-- com.qainfotech.automation.tatoc_advanced.AppTest -->
